Flutter crash report; please file at https://github.com/flutter/flutter/issues.

## command

flutter build bundle --suppress-analytics --target /home/kelvinq/Desktop/gitdir/pharmacy_prototype/lib/main.dart --preview-dart-2 --depfile /home/kelvinq/Desktop/gitdir/pharmacy_prototype/build/app/intermediates/flutter/debug/snapshot_blob.bin.d --asset-dir /home/kelvinq/Desktop/gitdir/pharmacy_prototype/build/app/intermediates/flutter/debug/flutter_assets

## exception

FileSystemException: FileSystemException: Deletion failed, path = '/home/kelvinq/Desktop/gitdir/pharmacy_prototype/build/app/intermediates/flutter/debug/flutter_assets' (OS Error: No such file or directory, errno = 2)

```
#0      _Directory._deleteSync (dart:io/directory_impl.dart:174)
#1      FileSystemEntity.deleteSync (dart:io/file_system_entity.dart:463)
#2      ForwardingFileSystemEntity.deleteSync (package:file/src/forwarding/forwarding_file_system_entity.dart:72)
#3      writeBundle (package:flutter_tools/src/bundle.dart:170)
<asynchronous suspension>
#4      assemble (package:flutter_tools/src/bundle.dart:163)
<asynchronous suspension>
#5      build (package:flutter_tools/src/bundle.dart:103)
<asynchronous suspension>
#6      BuildBundleCommand.runCommand (package:flutter_tools/src/commands/build_bundle.dart:67)
<asynchronous suspension>
#7      FlutterCommand.verifyThenRunCommand (package:flutter_tools/src/runner/flutter_command.dart:344)
<asynchronous suspension>
#8      FlutterCommand.run.<anonymous closure> (package:flutter_tools/src/runner/flutter_command.dart:279)
<asynchronous suspension>
#9      AppContext.run.<anonymous closure> (package:flutter_tools/src/base/context.dart:142)
<asynchronous suspension>
#10     _rootRun (dart:async/zone.dart:1126)
#11     _CustomZone.run (dart:async/zone.dart:1023)
#12     runZoned (dart:async/zone.dart:1501)
#13     AppContext.run (package:flutter_tools/src/base/context.dart:141)
<asynchronous suspension>
#14     FlutterCommand.run (package:flutter_tools/src/runner/flutter_command.dart:270)
#15     CommandRunner.runCommand (package:args/command_runner.dart:194)
<asynchronous suspension>
#16     FlutterCommandRunner.runCommand.<anonymous closure> (package:flutter_tools/src/runner/flutter_command_runner.dart:309)
<asynchronous suspension>
#17     AppContext.run.<anonymous closure> (package:flutter_tools/src/base/context.dart:142)
<asynchronous suspension>
#18     _rootRun (dart:async/zone.dart:1126)
#19     _CustomZone.run (dart:async/zone.dart:1023)
#20     runZoned (dart:async/zone.dart:1501)
#21     AppContext.run (package:flutter_tools/src/base/context.dart:141)
<asynchronous suspension>
#22     FlutterCommandRunner.runCommand (package:flutter_tools/src/runner/flutter_command_runner.dart:265)
<asynchronous suspension>
#23     CommandRunner.run.<anonymous closure> (package:args/command_runner.dart:109)
#24     new Future.sync (dart:async/future.dart:222)
#25     CommandRunner.run (package:args/command_runner.dart:109)
#26     FlutterCommandRunner.run (package:flutter_tools/src/runner/flutter_command_runner.dart:174)
#27     run.<anonymous closure> (package:flutter_tools/runner.dart:54)
<asynchronous suspension>
#28     AppContext.run.<anonymous closure> (package:flutter_tools/src/base/context.dart:142)
<asynchronous suspension>
#29     _rootRun (dart:async/zone.dart:1126)
#30     _CustomZone.run (dart:async/zone.dart:1023)
#31     runZoned (dart:async/zone.dart:1501)
#32     AppContext.run (package:flutter_tools/src/base/context.dart:141)
<asynchronous suspension>
#33     runInContext (package:flutter_tools/src/context_runner.dart:43)
<asynchronous suspension>
#34     run (package:flutter_tools/runner.dart:49)
#35     main (package:flutter_tools/executable.dart:49)
<asynchronous suspension>
#36     main (file:///root/Desktop/flutter/packages/flutter_tools/bin/flutter_tools.dart:8)
#37     _startIsolate.<anonymous closure> (dart:isolate-patch/dart:isolate/isolate_patch.dart:277)
#38     _RawReceivePortImpl._handleMessage (dart:isolate-patch/dart:isolate/isolate_patch.dart:165)
```

## flutter doctor

```
[✓] Flutter (Channel beta, v0.4.4, on Linux, locale en_US.UTF-8)
    • Flutter version 0.4.4 at /home/kelvinq/Desktop/flutter
    • Framework revision f9bb4289e9 (2 weeks ago), 2018-05-11 21:44:54 -0700
    • Engine revision 06afdfe54e
    • Dart version 2.0.0-dev.54.0.flutter-46ab040e58

[✓] Android toolchain - develop for Android devices (Android SDK 27.0.2)
    • Android SDK at /home/kelvinq/Android/Sdk
    • Android NDK location not configured (optional; useful for native profiling support)
    • Platform android-27, build-tools 27.0.2
    • Java binary at: /usr/bin/java
    • Java version OpenJDK Runtime Environment (build 1.8.0_151-8u151-b12-1-b12)
    • All Android licenses accepted.

[✗] Android Studio (not installed)
    • Android Studio not found; download from https://developer.android.com/studio/index.html
      (or visit https://flutter.io/setup/#android-setup for detailed instructions).

[✓] VS Code (version 1.22.2)
    • VS Code at /usr/share/code
    • Dart Code extension version 2.12.1

[✓] Connected devices (1 available)
    • SM G935V • f82773e7 • android-arm64 • Android 6.0.1 (API 23)

! Doctor found issues in 1 category.
```
